{"/home/manish/Build-and-deploy/app.js": {"path":"/home/manish/Build-and-deploy/app.js","statementMap":{"0":{"start":{"line":1,"column":16},"end":{"line":1,"column":34}},"1":{"start":{"line":2,"column":12},"end":{"line":2,"column":21}},"2":{"start":{"line":5,"column":0},"end":{"line":5,"column":24}},"3":{"start":{"line":6,"column":0},"end":{"line":6,"column":48}},"4":{"start":{"line":9,"column":0},"end":{"line":15,"column":3}},"5":{"start":{"line":10,"column":2},"end":{"line":14,"column":5}},"6":{"start":{"line":18,"column":0},"end":{"line":24,"column":3}},"7":{"start":{"line":19,"column":15},"end":{"line":19,"column":40}},"8":{"start":{"line":20,"column":2},"end":{"line":23,"column":5}},"9":{"start":{"line":27,"column":0},"end":{"line":34,"column":3}},"10":{"start":{"line":28,"column":17},"end":{"line":28,"column":30}},"11":{"start":{"line":29,"column":2},"end":{"line":33,"column":5}},"12":{"start":{"line":37,"column":0},"end":{"line":51,"column":3}},"13":{"start":{"line":38,"column":19},"end":{"line":38,"column":27}},"14":{"start":{"line":40,"column":2},"end":{"line":44,"column":3}},"15":{"start":{"line":41,"column":4},"end":{"line":43,"column":7}},"16":{"start":{"line":46,"column":2},"end":{"line":50,"column":5}},"17":{"start":{"line":54,"column":0},"end":{"line":60,"column":3}},"18":{"start":{"line":55,"column":2},"end":{"line":55,"column":39}},"19":{"start":{"line":56,"column":2},"end":{"line":59,"column":5}},"20":{"start":{"line":62,"column":13},"end":{"line":62,"column":37}},"21":{"start":{"line":65,"column":0},"end":{"line":86,"column":1}},"22":{"start":{"line":66,"column":17},"end":{"line":70,"column":4}},"23":{"start":{"line":67,"column":4},"end":{"line":67,"column":83}},"24":{"start":{"line":68,"column":4},"end":{"line":68,"column":73}},"25":{"start":{"line":69,"column":4},"end":{"line":69,"column":72}},"26":{"start":{"line":73,"column":2},"end":{"line":85,"column":5}},"27":{"start":{"line":74,"column":4},"end":{"line":74,"column":55}},"28":{"start":{"line":75,"column":4},"end":{"line":78,"column":7}},"29":{"start":{"line":76,"column":6},"end":{"line":76,"column":35}},"30":{"start":{"line":77,"column":6},"end":{"line":77,"column":22}},"31":{"start":{"line":81,"column":4},"end":{"line":84,"column":14}},"32":{"start":{"line":82,"column":6},"end":{"line":82,"column":56}},"33":{"start":{"line":83,"column":6},"end":{"line":83,"column":22}},"34":{"start":{"line":88,"column":0},"end":{"line":88,"column":21}}},"fnMap":{"0":{"name":"(anonymous_0)","decl":{"start":{"line":9,"column":13},"end":{"line":9,"column":14}},"loc":{"start":{"line":9,"column":27},"end":{"line":15,"column":1}},"line":9},"1":{"name":"(anonymous_1)","decl":{"start":{"line":18,"column":22},"end":{"line":18,"column":23}},"loc":{"start":{"line":18,"column":36},"end":{"line":24,"column":1}},"line":18},"2":{"name":"(anonymous_2)","decl":{"start":{"line":27,"column":26},"end":{"line":27,"column":27}},"loc":{"start":{"line":27,"column":40},"end":{"line":34,"column":1}},"line":27},"3":{"name":"(anonymous_3)","decl":{"start":{"line":37,"column":22},"end":{"line":37,"column":23}},"loc":{"start":{"line":37,"column":36},"end":{"line":51,"column":1}},"line":37},"4":{"name":"(anonymous_4)","decl":{"start":{"line":54,"column":8},"end":{"line":54,"column":9}},"loc":{"start":{"line":54,"column":27},"end":{"line":60,"column":1}},"line":54},"5":{"name":"(anonymous_5)","decl":{"start":{"line":66,"column":34},"end":{"line":66,"column":35}},"loc":{"start":{"line":66,"column":40},"end":{"line":70,"column":3}},"line":66},"6":{"name":"(anonymous_6)","decl":{"start":{"line":73,"column":24},"end":{"line":73,"column":25}},"loc":{"start":{"line":73,"column":30},"end":{"line":85,"column":3}},"line":73},"7":{"name":"(anonymous_7)","decl":{"start":{"line":75,"column":17},"end":{"line":75,"column":18}},"loc":{"start":{"line":75,"column":23},"end":{"line":78,"column":5}},"line":75},"8":{"name":"(anonymous_8)","decl":{"start":{"line":81,"column":15},"end":{"line":81,"column":16}},"loc":{"start":{"line":81,"column":21},"end":{"line":84,"column":5}},"line":81}},"branchMap":{"0":{"loc":{"start":{"line":19,"column":15},"end":{"line":19,"column":40}},"type":"binary-expr","locations":[{"start":{"line":19,"column":15},"end":{"line":19,"column":29}},{"start":{"line":19,"column":33},"end":{"line":19,"column":40}}],"line":19},"1":{"loc":{"start":{"line":40,"column":2},"end":{"line":44,"column":3}},"type":"if","locations":[{"start":{"line":40,"column":2},"end":{"line":44,"column":3}},{"start":{},"end":{}}],"line":40},"2":{"loc":{"start":{"line":58,"column":13},"end":{"line":58,"column":77}},"type":"cond-expr","locations":[{"start":{"line":58,"column":54},"end":{"line":58,"column":65}},{"start":{"line":58,"column":68},"end":{"line":58,"column":77}}],"line":58},"3":{"loc":{"start":{"line":62,"column":13},"end":{"line":62,"column":37}},"type":"binary-expr","locations":[{"start":{"line":62,"column":13},"end":{"line":62,"column":29}},{"start":{"line":62,"column":33},"end":{"line":62,"column":37}}],"line":62},"4":{"loc":{"start":{"line":65,"column":0},"end":{"line":86,"column":1}},"type":"if","locations":[{"start":{"line":65,"column":0},"end":{"line":86,"column":1}},{"start":{},"end":{}}],"line":65},"5":{"loc":{"start":{"line":68,"column":32},"end":{"line":68,"column":69}},"type":"binary-expr","locations":[{"start":{"line":68,"column":32},"end":{"line":68,"column":52}},{"start":{"line":68,"column":56},"end":{"line":68,"column":69}}],"line":68},"6":{"loc":{"start":{"line":69,"column":32},"end":{"line":69,"column":68}},"type":"binary-expr","locations":[{"start":{"line":69,"column":32},"end":{"line":69,"column":55}},{"start":{"line":69,"column":59},"end":{"line":69,"column":68}}],"line":69}},"s":{"0":1,"1":1,"2":1,"3":1,"4":1,"5":1,"6":1,"7":1,"8":1,"9":1,"10":0,"11":0,"12":1,"13":0,"14":0,"15":0,"16":0,"17":1,"18":0,"19":0,"20":1,"21":1,"22":0,"23":0,"24":0,"25":0,"26":0,"27":0,"28":0,"29":0,"30":0,"31":0,"32":0,"33":0,"34":1},"f":{"0":1,"1":1,"2":0,"3":0,"4":0,"5":0,"6":0,"7":0,"8":0},"b":{"0":[1,0],"1":[0,0],"2":[0,0],"3":[1,1],"4":[0,1],"5":[0,0],"6":[0,0]},"_coverageSchema":"1a1c01bbd47fc00a2c39e90264f33305004495a9","hash":"fdf5b79306719a23beade955f3bebe70a8f34def"}
}
