TN:
SF:app.js
FN:9,(anonymous_0)
FN:18,(anonymous_1)
FN:27,(anonymous_2)
FN:37,(anonymous_3)
FN:54,(anonymous_4)
FN:66,(anonymous_5)
FN:73,(anonymous_6)
FN:75,(anonymous_7)
FN:81,(anonymous_8)
FNF:9
FNH:2
FNDA:1,(anonymous_0)
FNDA:1,(anonymous_1)
FNDA:0,(anonymous_2)
FNDA:0,(anonymous_3)
FNDA:0,(anonymous_4)
FNDA:0,(anonymous_5)
FNDA:0,(anonymous_6)
FNDA:0,(anonymous_7)
FNDA:0,(anonymous_8)
DA:1,1
DA:2,1
DA:5,1
DA:6,1
DA:9,1
DA:10,1
DA:18,1
DA:19,1
DA:20,1
DA:27,1
DA:28,0
DA:29,0
DA:37,1
DA:38,0
DA:40,0
DA:41,0
DA:46,0
DA:54,1
DA:55,0
DA:56,0
DA:62,1
DA:65,1
DA:66,0
DA:67,0
DA:68,0
DA:69,0
DA:73,0
DA:74,0
DA:75,0
DA:76,0
DA:77,0
DA:81,0
DA:82,0
DA:83,0
DA:88,1
LF:35
LH:15
BRDA:19,0,0,1
BRDA:19,0,1,0
BRDA:40,1,0,0
BRDA:40,1,1,0
BRDA:58,2,0,0
BRDA:58,2,1,0
BRDA:62,3,0,1
BRDA:62,3,1,1
BRDA:65,4,0,0
BRDA:65,4,1,1
BRDA:68,5,0,0
BRDA:68,5,1,0
BRDA:69,6,0,0
BRDA:69,6,1,0
BRF:14
BRH:4
end_of_record
